<?xml version="1.0" encoding="UTF-8"?>
<coverage generated="1591589562562" clover="3.2.0">
  <project timestamp="1591589562563" name="All files">
    <metrics statements="134" coveredstatements="134" conditionals="53" coveredconditionals="50" methods="57" coveredmethods="56" elements="244" coveredelements="240" complexity="0" loc="134" ncloc="134" packages="1" files="1" classes="1"/>
    <file name="raven.js" path="/home/isac/HD/Work/dvo/dvo-raven/src/raven.js">
      <metrics statements="134" coveredstatements="134" conditionals="53" coveredconditionals="50" methods="57" coveredmethods="56"/>
      <line num="2" count="2" type="stmt"/>
      <line num="8" count="62" type="stmt"/>
      <line num="9" count="155" type="stmt"/>
      <line num="11" count="2" type="stmt"/>
      <line num="13" count="2" type="stmt"/>
      <line num="14" count="264" type="cond" truecount="3" falsecount="0"/>
      <line num="18" count="2" type="stmt"/>
      <line num="20" count="22" type="stmt"/>
      <line num="26" count="89" type="stmt"/>
      <line num="27" count="31" type="stmt"/>
      <line num="29" count="126" type="stmt"/>
      <line num="30" count="31" type="stmt"/>
      <line num="32" count="2" type="stmt"/>
      <line num="33" count="38" type="stmt"/>
      <line num="34" count="69" type="cond" truecount="2" falsecount="0"/>
      <line num="38" count="2" type="stmt"/>
      <line num="39" count="12" type="stmt"/>
      <line num="41" count="16" type="stmt"/>
      <line num="42" count="16" type="stmt"/>
      <line num="43" count="16" type="stmt"/>
      <line num="45" count="4" type="stmt"/>
      <line num="47" count="2" type="stmt"/>
      <line num="48" count="22" type="stmt"/>
      <line num="50" count="2" type="stmt"/>
      <line num="51" count="59" type="stmt"/>
      <line num="52" count="59" type="stmt"/>
      <line num="53" count="105" type="stmt"/>
      <line num="54" count="127" type="stmt"/>
      <line num="55" count="127" type="cond" truecount="2" falsecount="0"/>
      <line num="56" count="46" type="stmt"/>
      <line num="58" count="81" type="stmt"/>
      <line num="62" count="59" type="stmt"/>
      <line num="63" count="59" type="stmt"/>
      <line num="66" count="2" type="stmt"/>
      <line num="67" count="43" type="stmt"/>
      <line num="69" count="2" type="stmt"/>
      <line num="70" count="7" type="cond" truecount="2" falsecount="0"/>
      <line num="78" count="65" type="stmt"/>
      <line num="79" count="53" type="cond" truecount="2" falsecount="0"/>
      <line num="83" count="2" type="stmt"/>
      <line num="84" count="53" type="cond" truecount="2" falsecount="0"/>
      <line num="85" count="34" type="stmt"/>
      <line num="91" count="19" type="stmt"/>
      <line num="92" count="19" type="stmt"/>
      <line num="93" count="19" type="stmt"/>
      <line num="94" count="19" type="stmt"/>
      <line num="97" count="2" type="stmt"/>
      <line num="98" count="28" type="stmt"/>
      <line num="100" count="2" type="stmt"/>
      <line num="101" count="32" type="cond" truecount="2" falsecount="0"/>
      <line num="105" count="2" type="stmt"/>
      <line num="106" count="32" type="stmt"/>
      <line num="107" count="32" type="stmt"/>
      <line num="108" count="69" type="stmt"/>
      <line num="109" count="69" type="cond" truecount="2" falsecount="0"/>
      <line num="110" count="31" type="stmt"/>
      <line num="111" count="31" type="stmt"/>
      <line num="112" count="31" type="stmt"/>
      <line num="115" count="32" type="stmt"/>
      <line num="116" count="32" type="stmt"/>
      <line num="119" count="2" type="stmt"/>
      <line num="120" count="31" type="stmt"/>
      <line num="126" count="2" type="stmt"/>
      <line num="127" count="66" type="stmt"/>
      <line num="128" count="66" type="stmt"/>
      <line num="129" count="76" type="stmt"/>
      <line num="130" count="76" type="stmt"/>
      <line num="131" count="76" type="cond" truecount="4" falsecount="0"/>
      <line num="132" count="28" type="stmt"/>
      <line num="134" count="48" type="stmt"/>
      <line num="137" count="66" type="stmt"/>
      <line num="140" count="2" type="cond" truecount="2" falsecount="0"/>
      <line num="141" count="31" type="stmt"/>
      <line num="144" count="31" type="stmt"/>
      <line num="145" count="31" type="stmt"/>
      <line num="146" count="64" type="stmt"/>
      <line num="148" count="19" type="stmt"/>
      <line num="150" count="19" type="stmt"/>
      <line num="154" count="19" type="stmt"/>
      <line num="158" count="11" type="stmt"/>
      <line num="159" count="11" type="stmt"/>
      <line num="160" count="13" type="stmt"/>
      <line num="161" count="11" type="stmt"/>
      <line num="164" count="2" type="stmt"/>
      <line num="165" count="6" type="stmt"/>
      <line num="166" count="6" type="stmt"/>
      <line num="169" count="2" type="cond" truecount="1" falsecount="0"/>
      <line num="170" count="4" type="cond" truecount="1" falsecount="1"/>
      <line num="173" count="4" type="stmt"/>
      <line num="174" count="8" type="stmt"/>
      <line num="175" count="3" type="cond" truecount="1" falsecount="1"/>
      <line num="176" count="3" type="stmt"/>
      <line num="177" count="3" type="stmt"/>
      <line num="182" count="2" type="cond" truecount="1" falsecount="0"/>
      <line num="183" count="4" type="stmt"/>
      <line num="184" count="4" type="stmt"/>
      <line num="185" count="4" type="stmt"/>
      <line num="190" count="4" type="stmt"/>
      <line num="191" count="4" type="stmt"/>
      <line num="193" count="4" type="stmt"/>
      <line num="195" count="4" type="stmt"/>
      <line num="197" count="2" type="stmt"/>
      <line num="202" count="2" type="cond" truecount="0" falsecount="1"/>
      <line num="203" count="7" type="stmt"/>
      <line num="204" count="7" type="stmt"/>
      <line num="205" count="8" type="stmt"/>
      <line num="212" count="2" type="stmt"/>
      <line num="213" count="61" type="stmt"/>
      <line num="216" count="2" type="stmt"/>
      <line num="217" count="30" type="cond" truecount="2" falsecount="0"/>
      <line num="220" count="30" type="stmt"/>
      <line num="221" count="30" type="stmt"/>
      <line num="224" count="2" type="stmt"/>
      <line num="225" count="18" type="cond" truecount="2" falsecount="0"/>
      <line num="230" count="18" type="stmt"/>
      <line num="231" count="22" type="stmt"/>
      <line num="237" count="2" type="stmt"/>
      <line num="238" count="26" type="stmt"/>
      <line num="242" count="2" type="cond" truecount="3" falsecount="0"/>
      <line num="243" count="7" type="stmt"/>
      <line num="244" count="7" type="cond" truecount="2" falsecount="0"/>
      <line num="247" count="7" type="stmt"/>
      <line num="251" count="2" type="cond" truecount="2" falsecount="0"/>
      <line num="252" count="6" type="stmt"/>
      <line num="253" count="6" type="cond" truecount="2" falsecount="0"/>
      <line num="254" count="2" type="stmt"/>
      <line num="255" count="2" type="cond" truecount="2" falsecount="0"/>
      <line num="256" count="1" type="stmt"/>
      <line num="258" count="1" type="stmt"/>
      <line num="261" count="5" type="stmt"/>
      <line num="265" count="2" type="cond" truecount="2" falsecount="0"/>
      <line num="266" count="3" type="stmt"/>
      <line num="267" count="3" type="stmt"/>
      <line num="270" count="2" type="stmt"/>
    </file>
  </project>
</coverage>
