{"/home/isac/HD/Work/dvo/dvo-raven/src/index.js": {"path":"/home/isac/HD/Work/dvo/dvo-raven/src/index.js","statementMap":{"0":{"start":{"line":2,"column":15},"end":{"line":2,"column":18}},"1":{"start":{"line":8,"column":13},"end":{"line":9,"column":49}},"2":{"start":{"line":8,"column":32},"end":{"line":9,"column":49}},"3":{"start":{"line":9,"column":2},"end":{"line":9,"column":49}},"4":{"start":{"line":9,"column":34},"end":{"line":9,"column":42}},"5":{"start":{"line":11,"column":16},"end":{"line":11,"column":29}},"6":{"start":{"line":13,"column":17},"end":{"line":16,"column":17}},"7":{"start":{"line":14,"column":2},"end":{"line":16,"column":17}},"8":{"start":{"line":18,"column":17},"end":{"line":18,"column":53}},"9":{"start":{"line":18,"column":27},"end":{"line":18,"column":53}},"10":{"start":{"line":20,"column":17},"end":{"line":20,"column":23}},"11":{"start":{"line":20,"column":22},"end":{"line":20,"column":23}},"12":{"start":{"line":26,"column":26},"end":{"line":26,"column":49}},"13":{"start":{"line":26,"column":34},"end":{"line":26,"column":49}},"14":{"start":{"line":27,"column":34},"end":{"line":27,"column":71}},"15":{"start":{"line":27,"column":43},"end":{"line":27,"column":71}},"16":{"start":{"line":29,"column":26},"end":{"line":29,"column":48}},"17":{"start":{"line":29,"column":34},"end":{"line":29,"column":48}},"18":{"start":{"line":30,"column":34},"end":{"line":30,"column":71}},"19":{"start":{"line":30,"column":43},"end":{"line":30,"column":71}},"20":{"start":{"line":32,"column":26},"end":{"line":37,"column":6}},"21":{"start":{"line":33,"column":2},"end":{"line":37,"column":6}},"22":{"start":{"line":34,"column":4},"end":{"line":36,"column":22}},"23":{"start":{"line":38,"column":30},"end":{"line":45,"column":49}},"24":{"start":{"line":39,"column":2},"end":{"line":45,"column":49}},"25":{"start":{"line":41,"column":24},"end":{"line":41,"column":37}},"26":{"start":{"line":42,"column":20},"end":{"line":42,"column":35}},"27":{"start":{"line":43,"column":6},"end":{"line":43,"column":48}},"28":{"start":{"line":45,"column":26},"end":{"line":45,"column":48}},"29":{"start":{"line":47,"column":27},"end":{"line":48,"column":51}},"30":{"start":{"line":48,"column":2},"end":{"line":48,"column":51}},"31":{"start":{"line":50,"column":30},"end":{"line":64,"column":1}},"32":{"start":{"line":51,"column":16},"end":{"line":51,"column":18}},"33":{"start":{"line":52,"column":18},"end":{"line":61,"column":3}},"34":{"start":{"line":53,"column":4},"end":{"line":60,"column":6}},"35":{"start":{"line":54,"column":27},"end":{"line":54,"column":32}},"36":{"start":{"line":55,"column":6},"end":{"line":59,"column":7}},"37":{"start":{"line":56,"column":8},"end":{"line":56,"column":38}},"38":{"start":{"line":58,"column":8},"end":{"line":58,"column":34}},"39":{"start":{"line":62,"column":2},"end":{"line":62,"column":24}},"40":{"start":{"line":63,"column":2},"end":{"line":63,"column":14}},"41":{"start":{"line":66,"column":31},"end":{"line":67,"column":57}},"42":{"start":{"line":67,"column":2},"end":{"line":67,"column":57}},"43":{"start":{"line":69,"column":22},"end":{"line":72,"column":19}},"44":{"start":{"line":70,"column":2},"end":{"line":72,"column":19}},"45":{"start":{"line":78,"column":14},"end":{"line":81,"column":36}},"46":{"start":{"line":78,"column":29},"end":{"line":81,"column":36}},"47":{"start":{"line":79,"column":2},"end":{"line":81,"column":36}},"48":{"start":{"line":83,"column":19},"end":{"line":95,"column":1}},"49":{"start":{"line":84,"column":2},"end":{"line":90,"column":3}},"50":{"start":{"line":85,"column":4},"end":{"line":89,"column":6}},"51":{"start":{"line":91,"column":22},"end":{"line":91,"column":31}},"52":{"start":{"line":92,"column":19},"end":{"line":92,"column":38}},"53":{"start":{"line":93,"column":21},"end":{"line":93,"column":42}},"54":{"start":{"line":94,"column":2},"end":{"line":94,"column":39}},"55":{"start":{"line":97,"column":20},"end":{"line":98,"column":50}},"56":{"start":{"line":98,"column":2},"end":{"line":98,"column":50}},"57":{"start":{"line":100,"column":24},"end":{"line":103,"column":34}},"58":{"start":{"line":101,"column":2},"end":{"line":103,"column":34}},"59":{"start":{"line":105,"column":29},"end":{"line":117,"column":1}},"60":{"start":{"line":106,"column":22},"end":{"line":106,"column":24}},"61":{"start":{"line":107,"column":18},"end":{"line":114,"column":3}},"62":{"start":{"line":108,"column":4},"end":{"line":108,"column":26}},"63":{"start":{"line":109,"column":4},"end":{"line":113,"column":5}},"64":{"start":{"line":110,"column":25},"end":{"line":110,"column":34}},"65":{"start":{"line":111,"column":6},"end":{"line":111,"column":22}},"66":{"start":{"line":112,"column":6},"end":{"line":112,"column":25}},"67":{"start":{"line":115,"column":2},"end":{"line":115,"column":24}},"68":{"start":{"line":116,"column":2},"end":{"line":116,"column":20}},"69":{"start":{"line":119,"column":30},"end":{"line":124,"column":10}},"70":{"start":{"line":120,"column":2},"end":{"line":124,"column":10}},"71":{"start":{"line":126,"column":21},"end":{"line":138,"column":1}},"72":{"start":{"line":127,"column":17},"end":{"line":127,"column":28}},"73":{"start":{"line":128,"column":2},"end":{"line":136,"column":4}},"74":{"start":{"line":129,"column":26},"end":{"line":129,"column":31}},"75":{"start":{"line":130,"column":19},"end":{"line":130,"column":30}},"76":{"start":{"line":131,"column":4},"end":{"line":135,"column":5}},"77":{"start":{"line":132,"column":6},"end":{"line":132,"column":48}},"78":{"start":{"line":134,"column":6},"end":{"line":134,"column":26}},"79":{"start":{"line":137,"column":2},"end":{"line":137,"column":15}},"80":{"start":{"line":140,"column":25},"end":{"line":156,"column":1}},"81":{"start":{"line":141,"column":16},"end":{"line":143,"column":29}},"82":{"start":{"line":144,"column":21},"end":{"line":144,"column":33}},"83":{"start":{"line":145,"column":2},"end":{"line":155,"column":5}},"84":{"start":{"line":146,"column":20},"end":{"line":146,"column":29}},"85":{"start":{"line":148,"column":6},"end":{"line":151,"column":9}},"86":{"start":{"line":150,"column":11},"end":{"line":150,"column":29}},"87":{"start":{"line":154,"column":6},"end":{"line":154,"column":56}},"88":{"start":{"line":158,"column":25},"end":{"line":162,"column":1}},"89":{"start":{"line":158,"column":41},"end":{"line":162,"column":1}},"90":{"start":{"line":159,"column":19},"end":{"line":160,"column":34}},"91":{"start":{"line":160,"column":17},"end":{"line":160,"column":33}},"92":{"start":{"line":161,"column":2},"end":{"line":161,"column":40}},"93":{"start":{"line":164,"column":25},"end":{"line":167,"column":1}},"94":{"start":{"line":165,"column":19},"end":{"line":165,"column":73}},"95":{"start":{"line":166,"column":2},"end":{"line":166,"column":15}},"96":{"start":{"line":169,"column":24},"end":{"line":180,"column":1}},"97":{"start":{"line":170,"column":17},"end":{"line":172,"column":39}},"98":{"start":{"line":173,"column":2},"end":{"line":179,"column":3}},"99":{"start":{"line":174,"column":4},"end":{"line":178,"column":6}},"100":{"start":{"line":175,"column":26},"end":{"line":175,"column":62}},"101":{"start":{"line":176,"column":29},"end":{"line":176,"column":50}},"102":{"start":{"line":177,"column":6},"end":{"line":177,"column":47}},"103":{"start":{"line":182,"column":23},"end":{"line":200,"column":1}},"104":{"start":{"line":183,"column":2},"end":{"line":183,"column":63}},"105":{"start":{"line":184,"column":2},"end":{"line":184,"column":38}},"106":{"start":{"line":185,"column":2},"end":{"line":199,"column":3}},"107":{"start":{"line":190,"column":23},"end":{"line":190,"column":38}},"108":{"start":{"line":191,"column":8},"end":{"line":194,"column":11}},"109":{"start":{"line":193,"column":12},"end":{"line":193,"column":35}},"110":{"start":{"line":195,"column":8},"end":{"line":195,"column":52}},"111":{"start":{"line":197,"column":17},"end":{"line":197,"column":53}},"112":{"start":{"line":202,"column":22},"end":{"line":206,"column":1}},"113":{"start":{"line":203,"column":23},"end":{"line":203,"column":61}},"114":{"start":{"line":204,"column":2},"end":{"line":204,"column":45}},"115":{"start":{"line":205,"column":2},"end":{"line":205,"column":68}},"116":{"start":{"line":205,"column":29},"end":{"line":205,"column":65}},"117":{"start":{"line":212,"column":13},"end":{"line":214,"column":1}},"118":{"start":{"line":213,"column":2},"end":{"line":213,"column":25}},"119":{"start":{"line":216,"column":12},"end":{"line":222,"column":1}},"120":{"start":{"line":217,"column":19},"end":{"line":219,"column":13}},"121":{"start":{"line":220,"column":2},"end":{"line":220,"column":43}},"122":{"start":{"line":221,"column":2},"end":{"line":221,"column":28}},"123":{"start":{"line":224,"column":18},"end":{"line":236,"column":1}},"124":{"start":{"line":225,"column":23},"end":{"line":229,"column":16}},"125":{"start":{"line":230,"column":2},"end":{"line":235,"column":4}},"126":{"start":{"line":231,"column":4},"end":{"line":234,"column":5}},"127":{"start":{"line":238,"column":14},"end":{"line":260,"column":1}},"128":{"start":{"line":239,"column":2},"end":{"line":242,"column":3}},"129":{"start":{"line":240,"column":4},"end":{"line":240,"column":34}},"130":{"start":{"line":241,"column":4},"end":{"line":241,"column":10}},"131":{"start":{"line":244,"column":25},"end":{"line":246,"column":17}},"132":{"start":{"line":248,"column":2},"end":{"line":259,"column":4}},"133":{"start":{"line":249,"column":4},"end":{"line":258,"column":5}},"134":{"start":{"line":250,"column":6},"end":{"line":250,"column":44}},"135":{"start":{"line":252,"column":6},"end":{"line":257,"column":8}},"136":{"start":{"line":253,"column":8},"end":{"line":256,"column":9}},"137":{"start":{"line":254,"column":10},"end":{"line":255,"column":50}},"138":{"start":{"line":255,"column":32},"end":{"line":255,"column":49}},"139":{"start":{"line":263,"column":13},"end":{"line":269,"column":1}},"140":{"start":{"line":264,"column":19},"end":{"line":264,"column":42}},"141":{"start":{"line":265,"column":15},"end":{"line":267,"column":13}},"142":{"start":{"line":268,"column":2},"end":{"line":268,"column":32}},"143":{"start":{"line":272,"column":13},"end":{"line":283,"column":1}},"144":{"start":{"line":273,"column":19},"end":{"line":273,"column":23}},"145":{"start":{"line":274,"column":2},"end":{"line":281,"column":3}},"146":{"start":{"line":275,"column":21},"end":{"line":275,"column":48}},"147":{"start":{"line":276,"column":4},"end":{"line":280,"column":5}},"148":{"start":{"line":277,"column":6},"end":{"line":277,"column":88}},"149":{"start":{"line":279,"column":6},"end":{"line":279,"column":30}},"150":{"start":{"line":282,"column":2},"end":{"line":282,"column":34}},"151":{"start":{"line":286,"column":13},"end":{"line":289,"column":1}},"152":{"start":{"line":287,"column":2},"end":{"line":287,"column":40}},"153":{"start":{"line":288,"column":2},"end":{"line":288,"column":37}},"154":{"start":{"line":291,"column":14},"end":{"line":325,"column":1}}},"fnMap":{"0":{"name":"(anonymous_0)","decl":{"start":{"line":8,"column":13},"end":{"line":8,"column":14}},"loc":{"start":{"line":8,"column":32},"end":{"line":9,"column":49}},"line":8},"1":{"name":"(anonymous_1)","decl":{"start":{"line":8,"column":32},"end":{"line":8,"column":33}},"loc":{"start":{"line":9,"column":2},"end":{"line":9,"column":49}},"line":9},"2":{"name":"(anonymous_2)","decl":{"start":{"line":9,"column":20},"end":{"line":9,"column":21}},"loc":{"start":{"line":9,"column":34},"end":{"line":9,"column":42}},"line":9},"3":{"name":"(anonymous_3)","decl":{"start":{"line":13,"column":17},"end":{"line":13,"column":18}},"loc":{"start":{"line":14,"column":2},"end":{"line":16,"column":17}},"line":14},"4":{"name":"(anonymous_4)","decl":{"start":{"line":18,"column":17},"end":{"line":18,"column":18}},"loc":{"start":{"line":18,"column":27},"end":{"line":18,"column":53}},"line":18},"5":{"name":"(anonymous_5)","decl":{"start":{"line":20,"column":17},"end":{"line":20,"column":18}},"loc":{"start":{"line":20,"column":22},"end":{"line":20,"column":23}},"line":20},"6":{"name":"(anonymous_6)","decl":{"start":{"line":26,"column":26},"end":{"line":26,"column":27}},"loc":{"start":{"line":26,"column":34},"end":{"line":26,"column":49}},"line":26},"7":{"name":"(anonymous_7)","decl":{"start":{"line":27,"column":34},"end":{"line":27,"column":35}},"loc":{"start":{"line":27,"column":43},"end":{"line":27,"column":71}},"line":27},"8":{"name":"(anonymous_8)","decl":{"start":{"line":29,"column":26},"end":{"line":29,"column":27}},"loc":{"start":{"line":29,"column":34},"end":{"line":29,"column":48}},"line":29},"9":{"name":"(anonymous_9)","decl":{"start":{"line":30,"column":34},"end":{"line":30,"column":35}},"loc":{"start":{"line":30,"column":43},"end":{"line":30,"column":71}},"line":30},"10":{"name":"(anonymous_10)","decl":{"start":{"line":32,"column":26},"end":{"line":32,"column":27}},"loc":{"start":{"line":33,"column":2},"end":{"line":37,"column":6}},"line":33},"11":{"name":"(anonymous_11)","decl":{"start":{"line":33,"column":24},"end":{"line":33,"column":25}},"loc":{"start":{"line":34,"column":4},"end":{"line":36,"column":22}},"line":34},"12":{"name":"(anonymous_12)","decl":{"start":{"line":38,"column":30},"end":{"line":38,"column":31}},"loc":{"start":{"line":39,"column":2},"end":{"line":45,"column":49}},"line":39},"13":{"name":"(anonymous_13)","decl":{"start":{"line":40,"column":9},"end":{"line":40,"column":10}},"loc":{"start":{"line":40,"column":21},"end":{"line":44,"column":5}},"line":40},"14":{"name":"(anonymous_14)","decl":{"start":{"line":45,"column":12},"end":{"line":45,"column":13}},"loc":{"start":{"line":45,"column":26},"end":{"line":45,"column":48}},"line":45},"15":{"name":"(anonymous_15)","decl":{"start":{"line":47,"column":27},"end":{"line":47,"column":28}},"loc":{"start":{"line":48,"column":2},"end":{"line":48,"column":51}},"line":48},"16":{"name":"(anonymous_16)","decl":{"start":{"line":50,"column":30},"end":{"line":50,"column":31}},"loc":{"start":{"line":50,"column":43},"end":{"line":64,"column":1}},"line":50},"17":{"name":"(anonymous_17)","decl":{"start":{"line":52,"column":18},"end":{"line":52,"column":19}},"loc":{"start":{"line":52,"column":36},"end":{"line":61,"column":3}},"line":52},"18":{"name":"(anonymous_18)","decl":{"start":{"line":53,"column":35},"end":{"line":53,"column":36}},"loc":{"start":{"line":53,"column":44},"end":{"line":60,"column":5}},"line":53},"19":{"name":"(anonymous_19)","decl":{"start":{"line":66,"column":31},"end":{"line":66,"column":32}},"loc":{"start":{"line":67,"column":2},"end":{"line":67,"column":57}},"line":67},"20":{"name":"(anonymous_20)","decl":{"start":{"line":69,"column":22},"end":{"line":69,"column":23}},"loc":{"start":{"line":70,"column":2},"end":{"line":72,"column":19}},"line":70},"21":{"name":"(anonymous_21)","decl":{"start":{"line":78,"column":14},"end":{"line":78,"column":15}},"loc":{"start":{"line":78,"column":29},"end":{"line":81,"column":36}},"line":78},"22":{"name":"(anonymous_22)","decl":{"start":{"line":78,"column":29},"end":{"line":78,"column":30}},"loc":{"start":{"line":79,"column":2},"end":{"line":81,"column":36}},"line":79},"23":{"name":"(anonymous_23)","decl":{"start":{"line":83,"column":19},"end":{"line":83,"column":20}},"loc":{"start":{"line":83,"column":42},"end":{"line":95,"column":1}},"line":83},"24":{"name":"(anonymous_24)","decl":{"start":{"line":97,"column":20},"end":{"line":97,"column":21}},"loc":{"start":{"line":98,"column":2},"end":{"line":98,"column":50}},"line":98},"25":{"name":"(anonymous_25)","decl":{"start":{"line":100,"column":24},"end":{"line":100,"column":25}},"loc":{"start":{"line":101,"column":2},"end":{"line":103,"column":34}},"line":101},"26":{"name":"(anonymous_26)","decl":{"start":{"line":105,"column":29},"end":{"line":105,"column":30}},"loc":{"start":{"line":105,"column":38},"end":{"line":117,"column":1}},"line":105},"27":{"name":"(anonymous_27)","decl":{"start":{"line":107,"column":18},"end":{"line":107,"column":19}},"loc":{"start":{"line":107,"column":26},"end":{"line":114,"column":3}},"line":107},"28":{"name":"(anonymous_28)","decl":{"start":{"line":119,"column":30},"end":{"line":119,"column":31}},"loc":{"start":{"line":120,"column":2},"end":{"line":124,"column":10}},"line":120},"29":{"name":"(anonymous_29)","decl":{"start":{"line":126,"column":21},"end":{"line":126,"column":22}},"loc":{"start":{"line":126,"column":37},"end":{"line":138,"column":1}},"line":126},"30":{"name":"(anonymous_30)","decl":{"start":{"line":128,"column":31},"end":{"line":128,"column":32}},"loc":{"start":{"line":128,"column":40},"end":{"line":136,"column":3}},"line":128},"31":{"name":"(anonymous_31)","decl":{"start":{"line":140,"column":25},"end":{"line":140,"column":26}},"loc":{"start":{"line":140,"column":92},"end":{"line":156,"column":1}},"line":140},"32":{"name":"(anonymous_32)","decl":{"start":{"line":146,"column":12},"end":{"line":146,"column":13}},"loc":{"start":{"line":146,"column":20},"end":{"line":146,"column":29}},"line":146},"33":{"name":"(anonymous_33)","decl":{"start":{"line":147,"column":13},"end":{"line":147,"column":14}},"loc":{"start":{"line":148,"column":6},"end":{"line":151,"column":9}},"line":148},"34":{"name":"(anonymous_34)","decl":{"start":{"line":149,"column":13},"end":{"line":149,"column":14}},"loc":{"start":{"line":150,"column":11},"end":{"line":150,"column":29}},"line":150},"35":{"name":"(anonymous_35)","decl":{"start":{"line":153,"column":13},"end":{"line":153,"column":14}},"loc":{"start":{"line":154,"column":6},"end":{"line":154,"column":56}},"line":154},"36":{"name":"(anonymous_36)","decl":{"start":{"line":158,"column":25},"end":{"line":158,"column":26}},"loc":{"start":{"line":158,"column":41},"end":{"line":162,"column":1}},"line":158},"37":{"name":"(anonymous_37)","decl":{"start":{"line":158,"column":41},"end":{"line":158,"column":42}},"loc":{"start":{"line":158,"column":50},"end":{"line":162,"column":1}},"line":158},"38":{"name":"(anonymous_38)","decl":{"start":{"line":160,"column":9},"end":{"line":160,"column":10}},"loc":{"start":{"line":160,"column":17},"end":{"line":160,"column":33}},"line":160},"39":{"name":"(anonymous_39)","decl":{"start":{"line":164,"column":25},"end":{"line":164,"column":26}},"loc":{"start":{"line":164,"column":49},"end":{"line":167,"column":1}},"line":164},"40":{"name":"(anonymous_40)","decl":{"start":{"line":169,"column":24},"end":{"line":169,"column":25}},"loc":{"start":{"line":169,"column":59},"end":{"line":180,"column":1}},"line":169},"41":{"name":"(anonymous_41)","decl":{"start":{"line":173,"column":17},"end":{"line":173,"column":18}},"loc":{"start":{"line":174,"column":4},"end":{"line":178,"column":6}},"line":174},"42":{"name":"(anonymous_42)","decl":{"start":{"line":174,"column":40},"end":{"line":174,"column":41}},"loc":{"start":{"line":174,"column":45},"end":{"line":178,"column":5}},"line":174},"43":{"name":"(anonymous_43)","decl":{"start":{"line":182,"column":23},"end":{"line":182,"column":24}},"loc":{"start":{"line":182,"column":58},"end":{"line":200,"column":1}},"line":182},"44":{"name":"(anonymous_44)","decl":{"start":{"line":189,"column":11},"end":{"line":189,"column":12}},"loc":{"start":{"line":189,"column":20},"end":{"line":196,"column":7}},"line":189},"45":{"name":"(anonymous_45)","decl":{"start":{"line":192,"column":19},"end":{"line":192,"column":20}},"loc":{"start":{"line":193,"column":12},"end":{"line":193,"column":35}},"line":193},"46":{"name":"(anonymous_46)","decl":{"start":{"line":197,"column":11},"end":{"line":197,"column":12}},"loc":{"start":{"line":197,"column":17},"end":{"line":197,"column":53}},"line":197},"47":{"name":"(anonymous_47)","decl":{"start":{"line":202,"column":22},"end":{"line":202,"column":23}},"loc":{"start":{"line":202,"column":57},"end":{"line":206,"column":1}},"line":202},"48":{"name":"(anonymous_48)","decl":{"start":{"line":205,"column":18},"end":{"line":205,"column":19}},"loc":{"start":{"line":205,"column":27},"end":{"line":205,"column":67}},"line":205},"49":{"name":"(anonymous_49)","decl":{"start":{"line":212,"column":13},"end":{"line":212,"column":14}},"loc":{"start":{"line":212,"column":26},"end":{"line":214,"column":1}},"line":212},"50":{"name":"(anonymous_50)","decl":{"start":{"line":216,"column":12},"end":{"line":216,"column":13}},"loc":{"start":{"line":216,"column":32},"end":{"line":222,"column":1}},"line":216},"51":{"name":"(anonymous_51)","decl":{"start":{"line":224,"column":18},"end":{"line":224,"column":19}},"loc":{"start":{"line":224,"column":40},"end":{"line":236,"column":1}},"line":224},"52":{"name":"(anonymous_52)","decl":{"start":{"line":230,"column":23},"end":{"line":230,"column":24}},"loc":{"start":{"line":230,"column":30},"end":{"line":235,"column":3}},"line":230},"53":{"name":"(anonymous_53)","decl":{"start":{"line":238,"column":14},"end":{"line":238,"column":15}},"loc":{"start":{"line":238,"column":27},"end":{"line":260,"column":1}},"line":238},"54":{"name":"(anonymous_54)","decl":{"start":{"line":248,"column":25},"end":{"line":248,"column":26}},"loc":{"start":{"line":248,"column":33},"end":{"line":259,"column":3}},"line":248},"55":{"name":"(anonymous_55)","decl":{"start":{"line":252,"column":39},"end":{"line":252,"column":40}},"loc":{"start":{"line":252,"column":46},"end":{"line":257,"column":7}},"line":252},"56":{"name":"(anonymous_56)","decl":{"start":{"line":255,"column":20},"end":{"line":255,"column":21}},"loc":{"start":{"line":255,"column":32},"end":{"line":255,"column":49}},"line":255},"57":{"name":"(anonymous_57)","decl":{"start":{"line":263,"column":13},"end":{"line":263,"column":14}},"loc":{"start":{"line":263,"column":100},"end":{"line":269,"column":1}},"line":263},"58":{"name":"(anonymous_58)","decl":{"start":{"line":272,"column":13},"end":{"line":272,"column":14}},"loc":{"start":{"line":272,"column":72},"end":{"line":283,"column":1}},"line":272},"59":{"name":"(anonymous_59)","decl":{"start":{"line":286,"column":13},"end":{"line":286,"column":14}},"loc":{"start":{"line":286,"column":89},"end":{"line":289,"column":1}},"line":286}},"branchMap":{"0":{"loc":{"start":{"line":14,"column":2},"end":{"line":16,"column":17}},"type":"binary-expr","locations":[{"start":{"line":14,"column":2},"end":{"line":14,"column":28}},{"start":{"line":15,"column":2},"end":{"line":15,"column":18}},{"start":{"line":16,"column":2},"end":{"line":16,"column":17}}],"line":14},"1":{"loc":{"start":{"line":34,"column":4},"end":{"line":36,"column":22}},"type":"cond-expr","locations":[{"start":{"line":35,"column":8},"end":{"line":35,"column":24}},{"start":{"line":36,"column":8},"end":{"line":36,"column":22}}],"line":34},"2":{"loc":{"start":{"line":55,"column":6},"end":{"line":59,"column":7}},"type":"if","locations":[{"start":{"line":55,"column":6},"end":{"line":59,"column":7}},{"start":{"line":55,"column":6},"end":{"line":59,"column":7}}],"line":55},"3":{"loc":{"start":{"line":70,"column":2},"end":{"line":72,"column":19}},"type":"cond-expr","locations":[{"start":{"line":71,"column":6},"end":{"line":71,"column":46}},{"start":{"line":72,"column":6},"end":{"line":72,"column":19}}],"line":70},"4":{"loc":{"start":{"line":79,"column":2},"end":{"line":81,"column":36}},"type":"cond-expr","locations":[{"start":{"line":80,"column":6},"end":{"line":80,"column":35}},{"start":{"line":81,"column":6},"end":{"line":81,"column":36}}],"line":79},"5":{"loc":{"start":{"line":84,"column":2},"end":{"line":90,"column":3}},"type":"if","locations":[{"start":{"line":84,"column":2},"end":{"line":90,"column":3}},{"start":{"line":84,"column":2},"end":{"line":90,"column":3}}],"line":84},"6":{"loc":{"start":{"line":101,"column":2},"end":{"line":103,"column":34}},"type":"cond-expr","locations":[{"start":{"line":102,"column":6},"end":{"line":102,"column":33}},{"start":{"line":103,"column":6},"end":{"line":103,"column":34}}],"line":101},"7":{"loc":{"start":{"line":109,"column":4},"end":{"line":113,"column":5}},"type":"if","locations":[{"start":{"line":109,"column":4},"end":{"line":113,"column":5}},{"start":{"line":109,"column":4},"end":{"line":113,"column":5}}],"line":109},"8":{"loc":{"start":{"line":131,"column":4},"end":{"line":135,"column":5}},"type":"if","locations":[{"start":{"line":131,"column":4},"end":{"line":135,"column":5}},{"start":{"line":131,"column":4},"end":{"line":135,"column":5}}],"line":131},"9":{"loc":{"start":{"line":131,"column":8},"end":{"line":131,"column":44}},"type":"binary-expr","locations":[{"start":{"line":131,"column":8},"end":{"line":131,"column":24}},{"start":{"line":131,"column":28},"end":{"line":131,"column":44}}],"line":131},"10":{"loc":{"start":{"line":140,"column":35},"end":{"line":140,"column":66}},"type":"default-arg","locations":[{"start":{"line":140,"column":41},"end":{"line":140,"column":66}}],"line":140},"11":{"loc":{"start":{"line":140,"column":68},"end":{"line":140,"column":87}},"type":"default-arg","locations":[{"start":{"line":140,"column":76},"end":{"line":140,"column":87}}],"line":140},"12":{"loc":{"start":{"line":169,"column":35},"end":{"line":169,"column":54}},"type":"default-arg","locations":[{"start":{"line":169,"column":46},"end":{"line":169,"column":54}}],"line":169},"13":{"loc":{"start":{"line":170,"column":17},"end":{"line":172,"column":39}},"type":"cond-expr","locations":[{"start":{"line":171,"column":6},"end":{"line":171,"column":18}},{"start":{"line":172,"column":6},"end":{"line":172,"column":39}}],"line":170},"14":{"loc":{"start":{"line":172,"column":6},"end":{"line":172,"column":39}},"type":"binary-expr","locations":[{"start":{"line":172,"column":6},"end":{"line":172,"column":16}},{"start":{"line":172,"column":20},"end":{"line":172,"column":39}}],"line":172},"15":{"loc":{"start":{"line":175,"column":26},"end":{"line":175,"column":62}},"type":"binary-expr","locations":[{"start":{"line":175,"column":26},"end":{"line":175,"column":40}},{"start":{"line":175,"column":44},"end":{"line":175,"column":62}}],"line":175},"16":{"loc":{"start":{"line":182,"column":34},"end":{"line":182,"column":53}},"type":"default-arg","locations":[{"start":{"line":182,"column":45},"end":{"line":182,"column":53}}],"line":182},"17":{"loc":{"start":{"line":202,"column":33},"end":{"line":202,"column":52}},"type":"default-arg","locations":[{"start":{"line":202,"column":44},"end":{"line":202,"column":52}}],"line":202},"18":{"loc":{"start":{"line":217,"column":19},"end":{"line":219,"column":13}},"type":"cond-expr","locations":[{"start":{"line":218,"column":6},"end":{"line":218,"column":40}},{"start":{"line":219,"column":6},"end":{"line":219,"column":13}}],"line":217},"19":{"loc":{"start":{"line":225,"column":23},"end":{"line":229,"column":16}},"type":"cond-expr","locations":[{"start":{"line":226,"column":6},"end":{"line":226,"column":36}},{"start":{"line":227,"column":6},"end":{"line":229,"column":16}}],"line":225},"20":{"loc":{"start":{"line":227,"column":6},"end":{"line":229,"column":16}},"type":"cond-expr","locations":[{"start":{"line":228,"column":8},"end":{"line":228,"column":35}},{"start":{"line":229,"column":8},"end":{"line":229,"column":16}}],"line":227},"21":{"loc":{"start":{"line":232,"column":10},"end":{"line":232,"column":46}},"type":"binary-expr","locations":[{"start":{"line":232,"column":10},"end":{"line":232,"column":40}},{"start":{"line":232,"column":44},"end":{"line":232,"column":46}}],"line":232},"22":{"loc":{"start":{"line":239,"column":2},"end":{"line":242,"column":3}},"type":"if","locations":[{"start":{"line":239,"column":2},"end":{"line":242,"column":3}},{"start":{"line":239,"column":2},"end":{"line":242,"column":3}}],"line":239},"23":{"loc":{"start":{"line":244,"column":25},"end":{"line":246,"column":17}},"type":"cond-expr","locations":[{"start":{"line":245,"column":6},"end":{"line":245,"column":15}},{"start":{"line":246,"column":6},"end":{"line":246,"column":17}}],"line":244},"24":{"loc":{"start":{"line":249,"column":4},"end":{"line":258,"column":5}},"type":"if","locations":[{"start":{"line":249,"column":4},"end":{"line":258,"column":5}},{"start":{"line":249,"column":4},"end":{"line":258,"column":5}}],"line":249},"25":{"loc":{"start":{"line":253,"column":8},"end":{"line":256,"column":9}},"type":"if","locations":[{"start":{"line":253,"column":8},"end":{"line":256,"column":9}},{"start":{"line":253,"column":8},"end":{"line":256,"column":9}}],"line":253},"26":{"loc":{"start":{"line":263,"column":24},"end":{"line":263,"column":43}},"type":"default-arg","locations":[{"start":{"line":263,"column":35},"end":{"line":263,"column":43}}],"line":263},"27":{"loc":{"start":{"line":263,"column":45},"end":{"line":263,"column":69}},"type":"default-arg","locations":[{"start":{"line":263,"column":54},"end":{"line":263,"column":69}}],"line":263},"28":{"loc":{"start":{"line":263,"column":71},"end":{"line":263,"column":95}},"type":"default-arg","locations":[{"start":{"line":263,"column":81},"end":{"line":263,"column":95}}],"line":263},"29":{"loc":{"start":{"line":265,"column":15},"end":{"line":267,"column":13}},"type":"cond-expr","locations":[{"start":{"line":266,"column":6},"end":{"line":266,"column":12}},{"start":{"line":267,"column":6},"end":{"line":267,"column":13}}],"line":265},"30":{"loc":{"start":{"line":272,"column":24},"end":{"line":272,"column":43}},"type":"default-arg","locations":[{"start":{"line":272,"column":35},"end":{"line":272,"column":43}}],"line":272},"31":{"loc":{"start":{"line":272,"column":45},"end":{"line":272,"column":67}},"type":"default-arg","locations":[{"start":{"line":272,"column":54},"end":{"line":272,"column":67}}],"line":272},"32":{"loc":{"start":{"line":274,"column":2},"end":{"line":281,"column":3}},"type":"if","locations":[{"start":{"line":274,"column":2},"end":{"line":281,"column":3}},{"start":{"line":274,"column":2},"end":{"line":281,"column":3}}],"line":274},"33":{"loc":{"start":{"line":276,"column":4},"end":{"line":280,"column":5}},"type":"if","locations":[{"start":{"line":276,"column":4},"end":{"line":280,"column":5}},{"start":{"line":276,"column":4},"end":{"line":280,"column":5}}],"line":276},"34":{"loc":{"start":{"line":286,"column":29},"end":{"line":286,"column":54}},"type":"default-arg","locations":[{"start":{"line":286,"column":46},"end":{"line":286,"column":54}}],"line":286},"35":{"loc":{"start":{"line":286,"column":56},"end":{"line":286,"column":84}},"type":"default-arg","locations":[{"start":{"line":286,"column":76},"end":{"line":286,"column":84}}],"line":286}},"s":{"0":2,"1":2,"2":62,"3":62,"4":155,"5":2,"6":2,"7":276,"8":2,"9":4,"10":2,"11":22,"12":2,"13":89,"14":2,"15":31,"16":2,"17":126,"18":2,"19":31,"20":2,"21":38,"22":69,"23":2,"24":12,"25":16,"26":16,"27":16,"28":4,"29":2,"30":22,"31":2,"32":59,"33":59,"34":105,"35":127,"36":127,"37":46,"38":81,"39":59,"40":59,"41":2,"42":43,"43":2,"44":7,"45":2,"46":65,"47":53,"48":2,"49":53,"50":34,"51":19,"52":19,"53":19,"54":19,"55":2,"56":28,"57":2,"58":32,"59":2,"60":32,"61":32,"62":69,"63":69,"64":31,"65":31,"66":31,"67":32,"68":32,"69":2,"70":31,"71":2,"72":66,"73":66,"74":76,"75":76,"76":76,"77":28,"78":48,"79":66,"80":2,"81":31,"82":31,"83":31,"84":64,"85":19,"86":19,"87":19,"88":2,"89":11,"90":11,"91":13,"92":11,"93":2,"94":6,"95":6,"96":2,"97":4,"98":4,"99":8,"100":3,"101":3,"102":3,"103":2,"104":4,"105":4,"106":4,"107":4,"108":4,"109":4,"110":4,"111":2,"112":2,"113":7,"114":7,"115":7,"116":8,"117":2,"118":65,"119":2,"120":30,"121":30,"122":30,"123":2,"124":30,"125":30,"126":34,"127":2,"128":34,"129":31,"130":31,"131":3,"132":3,"133":4,"134":2,"135":2,"136":4,"137":3,"138":6,"139":2,"140":7,"141":7,"142":7,"143":2,"144":6,"145":6,"146":2,"147":2,"148":1,"149":1,"150":5,"151":2,"152":3,"153":3,"154":2},"f":{"0":62,"1":62,"2":155,"3":276,"4":4,"5":22,"6":89,"7":31,"8":126,"9":31,"10":38,"11":69,"12":12,"13":16,"14":4,"15":22,"16":59,"17":105,"18":127,"19":43,"20":7,"21":65,"22":53,"23":53,"24":28,"25":32,"26":32,"27":69,"28":31,"29":66,"30":76,"31":31,"32":64,"33":19,"34":19,"35":19,"36":11,"37":11,"38":13,"39":6,"40":4,"41":8,"42":3,"43":4,"44":4,"45":4,"46":2,"47":7,"48":8,"49":65,"50":30,"51":30,"52":34,"53":34,"54":4,"55":4,"56":6,"57":7,"58":6,"59":3},"b":{"0":[276,123,116],"1":[38,31],"2":[46,81],"3":[4,3],"4":[25,28],"5":[34,19],"6":[1,31],"7":[31,38],"8":[28,48],"9":[76,33],"10":[30],"11":[30],"12":[1],"13":[0,4],"14":[4,4],"15":[3,0],"16":[2],"17":[0],"18":[14,16],"19":[5,25],"20":[2,23],"21":[34,30],"22":[31,3],"23":[1,2],"24":[2,2],"25":[3,1],"26":[2],"27":[5],"28":[5],"29":[3,4],"30":[2],"31":[6],"32":[2,4],"33":[1,1],"34":[3],"35":[3]},"_coverageSchema":"1a1c01bbd47fc00a2c39e90264f33305004495a9","hash":"3b4a1344ec3e25d0dd36e318d7e1203e904f1f02"}
}
