{"/home/isac/HD/Work/dvo/dvo-raven/src/index.js": {"path":"/home/isac/HD/Work/dvo/dvo-raven/src/index.js","statementMap":{"0":{"start":{"line":1,"column":14},"end":{"line":240,"column":1}},"1":{"start":{"line":8,"column":4},"end":{"line":8,"column":26}},"2":{"start":{"line":26,"column":4},"end":{"line":26,"column":30}},"3":{"start":{"line":29,"column":4},"end":{"line":29,"column":74}},"4":{"start":{"line":40,"column":4},"end":{"line":40,"column":66}},"5":{"start":{"line":40,"column":28},"end":{"line":40,"column":64}},"6":{"start":{"line":42,"column":21},"end":{"line":42,"column":29}},"7":{"start":{"line":43,"column":19},"end":{"line":43,"column":35}},"8":{"start":{"line":44,"column":20},"end":{"line":44,"column":31}},"9":{"start":{"line":45,"column":4},"end":{"line":45,"column":40}},"10":{"start":{"line":55,"column":21},"end":{"line":55,"column":23}},"11":{"start":{"line":57,"column":27},"end":{"line":62,"column":5}},"12":{"start":{"line":58,"column":6},"end":{"line":61,"column":205}},"13":{"start":{"line":59,"column":8},"end":{"line":60,"column":54}},"14":{"start":{"line":60,"column":10},"end":{"line":60,"column":53}},"15":{"start":{"line":61,"column":13},"end":{"line":61,"column":205}},"16":{"start":{"line":61,"column":38},"end":{"line":61,"column":103}},"17":{"start":{"line":61,"column":59},"end":{"line":61,"column":102}},"18":{"start":{"line":61,"column":111},"end":{"line":61,"column":205}},"19":{"start":{"line":61,"column":142},"end":{"line":61,"column":170}},"20":{"start":{"line":61,"column":180},"end":{"line":61,"column":203}},"21":{"start":{"line":64,"column":4},"end":{"line":64,"column":23}},"22":{"start":{"line":65,"column":4},"end":{"line":65,"column":19}},"23":{"start":{"line":76,"column":17},"end":{"line":76,"column":19}},"24":{"start":{"line":78,"column":27},"end":{"line":90,"column":5}},"25":{"start":{"line":79,"column":6},"end":{"line":79,"column":22}},"26":{"start":{"line":80,"column":21},"end":{"line":80,"column":33}},"27":{"start":{"line":81,"column":6},"end":{"line":89,"column":7}},"28":{"start":{"line":82,"column":8},"end":{"line":84,"column":9}},"29":{"start":{"line":83,"column":10},"end":{"line":83,"column":27}},"30":{"start":{"line":85,"column":8},"end":{"line":85,"column":59}},"31":{"start":{"line":87,"column":8},"end":{"line":87,"column":35}},"32":{"start":{"line":88,"column":8},"end":{"line":88,"column":23}},"33":{"start":{"line":91,"column":4},"end":{"line":93,"column":6}},"34":{"start":{"line":92,"column":6},"end":{"line":92,"column":38}},"35":{"start":{"line":95,"column":4},"end":{"line":95,"column":15}},"36":{"start":{"line":106,"column":25},"end":{"line":106,"column":45}},"37":{"start":{"line":107,"column":23},"end":{"line":107,"column":65}},"38":{"start":{"line":107,"column":48},"end":{"line":107,"column":64}},"39":{"start":{"line":108,"column":17},"end":{"line":108,"column":49}},"40":{"start":{"line":109,"column":4},"end":{"line":109,"column":15}},"41":{"start":{"line":116,"column":26},"end":{"line":116,"column":47}},"42":{"start":{"line":117,"column":4},"end":{"line":124,"column":6}},"43":{"start":{"line":118,"column":18},"end":{"line":118,"column":32}},"44":{"start":{"line":120,"column":6},"end":{"line":122,"column":7}},"45":{"start":{"line":121,"column":8},"end":{"line":121,"column":26}},"46":{"start":{"line":123,"column":6},"end":{"line":123,"column":34}},"47":{"start":{"line":131,"column":26},"end":{"line":131,"column":28}},"48":{"start":{"line":132,"column":4},"end":{"line":138,"column":6}},"49":{"start":{"line":133,"column":6},"end":{"line":137,"column":7}},"50":{"start":{"line":133,"column":23},"end":{"line":133,"column":49}},"51":{"start":{"line":134,"column":24},"end":{"line":134,"column":51}},"52":{"start":{"line":135,"column":8},"end":{"line":135,"column":26}},"53":{"start":{"line":136,"column":8},"end":{"line":136,"column":35}},"54":{"start":{"line":139,"column":4},"end":{"line":139,"column":24}},"55":{"start":{"line":146,"column":24},"end":{"line":146,"column":26}},"56":{"start":{"line":147,"column":20},"end":{"line":165,"column":6}},"57":{"start":{"line":147,"column":45},"end":{"line":165,"column":6}},"58":{"start":{"line":149,"column":6},"end":{"line":149,"column":41}},"59":{"start":{"line":149,"column":21},"end":{"line":149,"column":41}},"60":{"start":{"line":151,"column":6},"end":{"line":164,"column":7}},"61":{"start":{"line":152,"column":8},"end":{"line":152,"column":22}},"62":{"start":{"line":153,"column":8},"end":{"line":153,"column":43}},"63":{"start":{"line":155,"column":13},"end":{"line":164,"column":7}},"64":{"start":{"line":156,"column":8},"end":{"line":159,"column":9}},"65":{"start":{"line":157,"column":10},"end":{"line":157,"column":42}},"66":{"start":{"line":158,"column":10},"end":{"line":158,"column":34}},"67":{"start":{"line":161,"column":13},"end":{"line":164,"column":7}},"68":{"start":{"line":162,"column":8},"end":{"line":162,"column":40}},"69":{"start":{"line":163,"column":8},"end":{"line":163,"column":27}},"70":{"start":{"line":166,"column":4},"end":{"line":166,"column":23}},"71":{"start":{"line":167,"column":4},"end":{"line":167,"column":40}},"72":{"start":{"line":177,"column":33},"end":{"line":177,"column":78}},"73":{"start":{"line":177,"column":56},"end":{"line":177,"column":77}},"74":{"start":{"line":178,"column":25},"end":{"line":178,"column":59}},"75":{"start":{"line":179,"column":4},"end":{"line":186,"column":7}},"76":{"start":{"line":179,"column":37},"end":{"line":186,"column":6}},"77":{"start":{"line":180,"column":18},"end":{"line":180,"column":32}},"78":{"start":{"line":182,"column":6},"end":{"line":185,"column":7}},"79":{"start":{"line":183,"column":24},"end":{"line":183,"column":40}},"80":{"start":{"line":184,"column":8},"end":{"line":184,"column":81}},"81":{"start":{"line":184,"column":38},"end":{"line":184,"column":80}},"82":{"start":{"line":194,"column":34},"end":{"line":194,"column":35}},"83":{"start":{"line":195,"column":4},"end":{"line":220,"column":5}},"84":{"start":{"line":196,"column":19},"end":{"line":196,"column":52}},"85":{"start":{"line":197,"column":6},"end":{"line":197,"column":67}},"86":{"start":{"line":197,"column":44},"end":{"line":197,"column":65}},"87":{"start":{"line":198,"column":6},"end":{"line":204,"column":7}},"88":{"start":{"line":199,"column":8},"end":{"line":203,"column":10}},"89":{"start":{"line":200,"column":30},"end":{"line":200,"column":66}},"90":{"start":{"line":201,"column":33},"end":{"line":201,"column":54}},"91":{"start":{"line":202,"column":10},"end":{"line":202,"column":59}},"92":{"start":{"line":206,"column":6},"end":{"line":219,"column":7}},"93":{"start":{"line":211,"column":32},"end":{"line":211,"column":91}},"94":{"start":{"line":211,"column":64},"end":{"line":211,"column":90}},"95":{"start":{"line":212,"column":28},"end":{"line":212,"column":56}},"96":{"start":{"line":213,"column":12},"end":{"line":213,"column":30}},"97":{"start":{"line":215,"column":12},"end":{"line":215,"column":61}},"98":{"start":{"line":217,"column":21},"end":{"line":217,"column":62}},"99":{"start":{"line":227,"column":34},"end":{"line":227,"column":35}},"100":{"start":{"line":228,"column":4},"end":{"line":228,"column":75}},"101":{"start":{"line":228,"column":36},"end":{"line":228,"column":72}},"102":{"start":{"line":237,"column":4},"end":{"line":237,"column":47}},"103":{"start":{"line":238,"column":4},"end":{"line":238,"column":45}}},"fnMap":{"0":{"name":"(anonymous_0)","decl":{"start":{"line":7,"column":2},"end":{"line":7,"column":3}},"loc":{"start":{"line":7,"column":19},"end":{"line":9,"column":3}},"line":7},"1":{"name":"(anonymous_1)","decl":{"start":{"line":25,"column":2},"end":{"line":25,"column":3}},"loc":{"start":{"line":25,"column":17},"end":{"line":27,"column":3}},"line":25},"2":{"name":"(anonymous_2)","decl":{"start":{"line":28,"column":2},"end":{"line":28,"column":3}},"loc":{"start":{"line":28,"column":18},"end":{"line":30,"column":3}},"line":28},"3":{"name":"(anonymous_3)","decl":{"start":{"line":39,"column":2},"end":{"line":39,"column":3}},"loc":{"start":{"line":39,"column":32},"end":{"line":46,"column":3}},"line":39},"4":{"name":"(anonymous_4)","decl":{"start":{"line":54,"column":2},"end":{"line":54,"column":3}},"loc":{"start":{"line":54,"column":19},"end":{"line":66,"column":3}},"line":54},"5":{"name":"(anonymous_5)","decl":{"start":{"line":57,"column":27},"end":{"line":57,"column":28}},"loc":{"start":{"line":57,"column":46},"end":{"line":62,"column":5}},"line":57},"6":{"name":"(anonymous_6)","decl":{"start":{"line":59,"column":33},"end":{"line":59,"column":34}},"loc":{"start":{"line":60,"column":10},"end":{"line":60,"column":53}},"line":60},"7":{"name":"(anonymous_7)","decl":{"start":{"line":61,"column":50},"end":{"line":61,"column":51}},"loc":{"start":{"line":61,"column":59},"end":{"line":61,"column":102}},"line":61},"8":{"name":"(anonymous_8)","decl":{"start":{"line":75,"column":2},"end":{"line":75,"column":3}},"loc":{"start":{"line":75,"column":20},"end":{"line":96,"column":3}},"line":75},"9":{"name":"(anonymous_9)","decl":{"start":{"line":78,"column":27},"end":{"line":78,"column":28}},"loc":{"start":{"line":78,"column":53},"end":{"line":90,"column":5}},"line":78},"10":{"name":"(anonymous_10)","decl":{"start":{"line":91,"column":17},"end":{"line":91,"column":18}},"loc":{"start":{"line":91,"column":25},"end":{"line":93,"column":5}},"line":91},"11":{"name":"(anonymous_11)","decl":{"start":{"line":105,"column":2},"end":{"line":105,"column":3}},"loc":{"start":{"line":105,"column":30},"end":{"line":110,"column":3}},"line":105},"12":{"name":"(anonymous_12)","decl":{"start":{"line":107,"column":40},"end":{"line":107,"column":41}},"loc":{"start":{"line":107,"column":48},"end":{"line":107,"column":64}},"line":107},"13":{"name":"(anonymous_13)","decl":{"start":{"line":115,"column":2},"end":{"line":115,"column":3}},"loc":{"start":{"line":115,"column":53},"end":{"line":125,"column":3}},"line":115},"14":{"name":"(anonymous_14)","decl":{"start":{"line":117,"column":26},"end":{"line":117,"column":27}},"loc":{"start":{"line":117,"column":34},"end":{"line":124,"column":5}},"line":117},"15":{"name":"(anonymous_15)","decl":{"start":{"line":130,"column":2},"end":{"line":130,"column":3}},"loc":{"start":{"line":130,"column":21},"end":{"line":140,"column":3}},"line":130},"16":{"name":"(anonymous_16)","decl":{"start":{"line":132,"column":18},"end":{"line":132,"column":19}},"loc":{"start":{"line":132,"column":33},"end":{"line":138,"column":5}},"line":132},"17":{"name":"(anonymous_17)","decl":{"start":{"line":145,"column":2},"end":{"line":145,"column":3}},"loc":{"start":{"line":145,"column":32},"end":{"line":168,"column":3}},"line":145},"18":{"name":"(anonymous_18)","decl":{"start":{"line":147,"column":20},"end":{"line":147,"column":21}},"loc":{"start":{"line":147,"column":45},"end":{"line":165,"column":6}},"line":147},"19":{"name":"(anonymous_19)","decl":{"start":{"line":147,"column":70},"end":{"line":147,"column":71}},"loc":{"start":{"line":147,"column":77},"end":{"line":165,"column":5}},"line":147},"20":{"name":"(anonymous_20)","decl":{"start":{"line":176,"column":2},"end":{"line":176,"column":3}},"loc":{"start":{"line":176,"column":47},"end":{"line":187,"column":3}},"line":176},"21":{"name":"(anonymous_21)","decl":{"start":{"line":177,"column":48},"end":{"line":177,"column":49}},"loc":{"start":{"line":177,"column":56},"end":{"line":177,"column":77}},"line":177},"22":{"name":"(anonymous_22)","decl":{"start":{"line":179,"column":25},"end":{"line":179,"column":26}},"loc":{"start":{"line":179,"column":37},"end":{"line":186,"column":6}},"line":179},"23":{"name":"(anonymous_23)","decl":{"start":{"line":179,"column":54},"end":{"line":179,"column":55}},"loc":{"start":{"line":179,"column":62},"end":{"line":186,"column":5}},"line":179},"24":{"name":"(anonymous_24)","decl":{"start":{"line":184,"column":30},"end":{"line":184,"column":31}},"loc":{"start":{"line":184,"column":38},"end":{"line":184,"column":80}},"line":184},"25":{"name":"(anonymous_25)","decl":{"start":{"line":194,"column":2},"end":{"line":194,"column":3}},"loc":{"start":{"line":194,"column":37},"end":{"line":221,"column":3}},"line":194},"26":{"name":"(anonymous_26)","decl":{"start":{"line":194,"column":29},"end":{"line":194,"column":30}},"loc":{"start":{"line":194,"column":34},"end":{"line":194,"column":35}},"line":194},"27":{"name":"(anonymous_27)","decl":{"start":{"line":198,"column":21},"end":{"line":198,"column":22}},"loc":{"start":{"line":199,"column":8},"end":{"line":203,"column":10}},"line":199},"28":{"name":"(anonymous_28)","decl":{"start":{"line":199,"column":44},"end":{"line":199,"column":45}},"loc":{"start":{"line":199,"column":49},"end":{"line":203,"column":9}},"line":199},"29":{"name":"(anonymous_29)","decl":{"start":{"line":210,"column":15},"end":{"line":210,"column":16}},"loc":{"start":{"line":210,"column":24},"end":{"line":216,"column":11}},"line":210},"30":{"name":"(anonymous_30)","decl":{"start":{"line":211,"column":56},"end":{"line":211,"column":57}},"loc":{"start":{"line":211,"column":64},"end":{"line":211,"column":90}},"line":211},"31":{"name":"(anonymous_31)","decl":{"start":{"line":217,"column":15},"end":{"line":217,"column":16}},"loc":{"start":{"line":217,"column":21},"end":{"line":217,"column":62}},"line":217},"32":{"name":"(anonymous_32)","decl":{"start":{"line":227,"column":2},"end":{"line":227,"column":3}},"loc":{"start":{"line":227,"column":37},"end":{"line":229,"column":3}},"line":227},"33":{"name":"(anonymous_33)","decl":{"start":{"line":227,"column":29},"end":{"line":227,"column":30}},"loc":{"start":{"line":227,"column":34},"end":{"line":227,"column":35}},"line":227},"34":{"name":"(anonymous_34)","decl":{"start":{"line":228,"column":25},"end":{"line":228,"column":26}},"loc":{"start":{"line":228,"column":34},"end":{"line":228,"column":74}},"line":228},"35":{"name":"(anonymous_35)","decl":{"start":{"line":236,"column":2},"end":{"line":236,"column":3}},"loc":{"start":{"line":236,"column":58},"end":{"line":239,"column":3}},"line":236}},"branchMap":{"0":{"loc":{"start":{"line":29,"column":11},"end":{"line":29,"column":74}},"type":"binary-expr","locations":[{"start":{"line":29,"column":11},"end":{"line":29,"column":35}},{"start":{"line":29,"column":39},"end":{"line":29,"column":58}},{"start":{"line":29,"column":62},"end":{"line":29,"column":74}}],"line":29},"1":{"loc":{"start":{"line":39,"column":14},"end":{"line":39,"column":30}},"type":"default-arg","locations":[{"start":{"line":39,"column":20},"end":{"line":39,"column":30}}],"line":39},"2":{"loc":{"start":{"line":40,"column":4},"end":{"line":40,"column":66}},"type":"if","locations":[{"start":{"line":40,"column":4},"end":{"line":40,"column":66}},{"start":{"line":40,"column":4},"end":{"line":40,"column":66}}],"line":40},"3":{"loc":{"start":{"line":57,"column":33},"end":{"line":57,"column":41}},"type":"default-arg","locations":[{"start":{"line":57,"column":39},"end":{"line":57,"column":41}}],"line":57},"4":{"loc":{"start":{"line":58,"column":6},"end":{"line":61,"column":205}},"type":"if","locations":[{"start":{"line":58,"column":6},"end":{"line":61,"column":205}},{"start":{"line":58,"column":6},"end":{"line":61,"column":205}}],"line":58},"5":{"loc":{"start":{"line":61,"column":13},"end":{"line":61,"column":205}},"type":"if","locations":[{"start":{"line":61,"column":13},"end":{"line":61,"column":205}},{"start":{"line":61,"column":13},"end":{"line":61,"column":205}}],"line":61},"6":{"loc":{"start":{"line":61,"column":111},"end":{"line":61,"column":205}},"type":"if","locations":[{"start":{"line":61,"column":111},"end":{"line":61,"column":205}},{"start":{"line":61,"column":111},"end":{"line":61,"column":205}}],"line":61},"7":{"loc":{"start":{"line":81,"column":6},"end":{"line":89,"column":7}},"type":"if","locations":[{"start":{"line":81,"column":6},"end":{"line":89,"column":7}},{"start":{"line":81,"column":6},"end":{"line":89,"column":7}}],"line":81},"8":{"loc":{"start":{"line":82,"column":8},"end":{"line":84,"column":9}},"type":"if","locations":[{"start":{"line":82,"column":8},"end":{"line":84,"column":9}},{"start":{"line":82,"column":8},"end":{"line":84,"column":9}}],"line":82},"9":{"loc":{"start":{"line":115,"column":29},"end":{"line":115,"column":51}},"type":"default-arg","locations":[{"start":{"line":115,"column":41},"end":{"line":115,"column":51}}],"line":115},"10":{"loc":{"start":{"line":120,"column":6},"end":{"line":122,"column":7}},"type":"if","locations":[{"start":{"line":120,"column":6},"end":{"line":122,"column":7}},{"start":{"line":120,"column":6},"end":{"line":122,"column":7}}],"line":120},"11":{"loc":{"start":{"line":133,"column":6},"end":{"line":137,"column":7}},"type":"if","locations":[{"start":{"line":133,"column":6},"end":{"line":137,"column":7}},{"start":{"line":133,"column":6},"end":{"line":137,"column":7}}],"line":133},"12":{"loc":{"start":{"line":145,"column":12},"end":{"line":145,"column":30}},"type":"default-arg","locations":[{"start":{"line":145,"column":20},"end":{"line":145,"column":30}}],"line":145},"13":{"loc":{"start":{"line":147,"column":31},"end":{"line":147,"column":40}},"type":"default-arg","locations":[{"start":{"line":147,"column":38},"end":{"line":147,"column":40}}],"line":147},"14":{"loc":{"start":{"line":149,"column":6},"end":{"line":149,"column":41}},"type":"if","locations":[{"start":{"line":149,"column":6},"end":{"line":149,"column":41}},{"start":{"line":149,"column":6},"end":{"line":149,"column":41}}],"line":149},"15":{"loc":{"start":{"line":151,"column":6},"end":{"line":164,"column":7}},"type":"if","locations":[{"start":{"line":151,"column":6},"end":{"line":164,"column":7}},{"start":{"line":151,"column":6},"end":{"line":164,"column":7}}],"line":151},"16":{"loc":{"start":{"line":155,"column":13},"end":{"line":164,"column":7}},"type":"if","locations":[{"start":{"line":155,"column":13},"end":{"line":164,"column":7}},{"start":{"line":155,"column":13},"end":{"line":164,"column":7}}],"line":155},"17":{"loc":{"start":{"line":156,"column":8},"end":{"line":159,"column":9}},"type":"if","locations":[{"start":{"line":156,"column":8},"end":{"line":159,"column":9}},{"start":{"line":156,"column":8},"end":{"line":159,"column":9}}],"line":156},"18":{"loc":{"start":{"line":161,"column":13},"end":{"line":164,"column":7}},"type":"if","locations":[{"start":{"line":161,"column":13},"end":{"line":164,"column":7}},{"start":{"line":161,"column":13},"end":{"line":164,"column":7}}],"line":161},"19":{"loc":{"start":{"line":176,"column":27},"end":{"line":176,"column":45}},"type":"default-arg","locations":[{"start":{"line":176,"column":35},"end":{"line":176,"column":45}}],"line":176},"20":{"loc":{"start":{"line":182,"column":6},"end":{"line":185,"column":7}},"type":"if","locations":[{"start":{"line":182,"column":6},"end":{"line":185,"column":7}},{"start":{"line":182,"column":6},"end":{"line":185,"column":7}}],"line":182},"21":{"loc":{"start":{"line":184,"column":38},"end":{"line":184,"column":80}},"type":"binary-expr","locations":[{"start":{"line":184,"column":38},"end":{"line":184,"column":42}},{"start":{"line":184,"column":46},"end":{"line":184,"column":80}}],"line":184},"22":{"loc":{"start":{"line":194,"column":18},"end":{"line":194,"column":35}},"type":"default-arg","locations":[{"start":{"line":194,"column":29},"end":{"line":194,"column":35}}],"line":194},"23":{"loc":{"start":{"line":195,"column":4},"end":{"line":220,"column":5}},"type":"if","locations":[{"start":{"line":195,"column":4},"end":{"line":220,"column":5}},{"start":{"line":195,"column":4},"end":{"line":220,"column":5}}],"line":195},"24":{"loc":{"start":{"line":196,"column":19},"end":{"line":196,"column":52}},"type":"binary-expr","locations":[{"start":{"line":196,"column":19},"end":{"line":196,"column":29}},{"start":{"line":196,"column":33},"end":{"line":196,"column":52}}],"line":196},"25":{"loc":{"start":{"line":197,"column":6},"end":{"line":197,"column":67}},"type":"if","locations":[{"start":{"line":197,"column":6},"end":{"line":197,"column":67}},{"start":{"line":197,"column":6},"end":{"line":197,"column":67}}],"line":197},"26":{"loc":{"start":{"line":200,"column":30},"end":{"line":200,"column":66}},"type":"binary-expr","locations":[{"start":{"line":200,"column":30},"end":{"line":200,"column":44}},{"start":{"line":200,"column":48},"end":{"line":200,"column":66}}],"line":200},"27":{"loc":{"start":{"line":227,"column":18},"end":{"line":227,"column":35}},"type":"default-arg","locations":[{"start":{"line":227,"column":29},"end":{"line":227,"column":35}}],"line":227}},"s":{"0":1,"1":1,"2":4,"3":4,"4":1,"5":1,"6":0,"7":0,"8":0,"9":0,"10":2,"11":2,"12":2,"13":0,"14":0,"15":2,"16":0,"17":0,"18":2,"19":2,"20":0,"21":2,"22":2,"23":0,"24":0,"25":0,"26":0,"27":0,"28":0,"29":0,"30":0,"31":0,"32":0,"33":0,"34":0,"35":0,"36":0,"37":0,"38":0,"39":0,"40":0,"41":2,"42":2,"43":2,"44":2,"45":1,"46":2,"47":2,"48":2,"49":2,"50":2,"51":0,"52":0,"53":0,"54":2,"55":2,"56":2,"57":2,"58":2,"59":0,"60":2,"61":0,"62":0,"63":2,"64":0,"65":0,"66":0,"67":2,"68":2,"69":2,"70":2,"71":2,"72":2,"73":2,"74":2,"75":2,"76":2,"77":2,"78":2,"79":1,"80":1,"81":1,"82":0,"83":1,"84":1,"85":1,"86":0,"87":1,"88":2,"89":0,"90":0,"91":0,"92":0,"93":0,"94":0,"95":0,"96":0,"97":0,"98":0,"99":0,"100":0,"101":0,"102":0,"103":0},"f":{"0":1,"1":4,"2":4,"3":1,"4":2,"5":2,"6":0,"7":0,"8":0,"9":0,"10":0,"11":0,"12":0,"13":2,"14":2,"15":2,"16":2,"17":2,"18":2,"19":2,"20":2,"21":2,"22":2,"23":2,"24":1,"25":1,"26":0,"27":2,"28":0,"29":0,"30":0,"31":0,"32":0,"33":0,"34":0,"35":0},"b":{"0":[4,0,0],"1":[1],"2":[1,0],"3":[2],"4":[0,2],"5":[0,2],"6":[2,0],"7":[0,0],"8":[0,0],"9":[2],"10":[1,1],"11":[2,0],"12":[2],"13":[2],"14":[0,2],"15":[0,2],"16":[0,2],"17":[0,0],"18":[2,0],"19":[0],"20":[1,1],"21":[1,1],"22":[1],"23":[1,0],"24":[1,1],"25":[0,1],"26":[0,0],"27":[0]},"_coverageSchema":"1a1c01bbd47fc00a2c39e90264f33305004495a9","hash":"a678368cd402fa5da4c3594914b30e27a9cf3b04"}
}
