TN:
SF:src/raven.js
FN:8,(anonymous_0)
FN:8,(anonymous_1)
FN:9,(anonymous_2)
FN:13,(anonymous_3)
FN:18,(anonymous_4)
FN:24,(anonymous_5)
FN:25,(anonymous_6)
FN:27,(anonymous_7)
FN:28,(anonymous_8)
FN:30,(anonymous_9)
FN:31,(anonymous_10)
FN:36,(anonymous_11)
FN:38,(anonymous_12)
FN:43,(anonymous_13)
FN:45,(anonymous_14)
FN:48,(anonymous_15)
FN:50,(anonymous_16)
FN:51,(anonymous_17)
FN:64,(anonymous_18)
FN:71,(anonymous_19)
FN:71,(anonymous_20)
FN:76,(anonymous_21)
FN:90,(anonymous_22)
FN:93,(anonymous_23)
FN:98,(anonymous_24)
FN:100,(anonymous_25)
FN:112,(anonymous_26)
FN:119,(anonymous_27)
FN:121,(anonymous_28)
FN:133,(anonymous_29)
FN:139,(anonymous_30)
FN:140,(anonymous_31)
FN:142,(anonymous_32)
FN:146,(anonymous_33)
FN:151,(anonymous_34)
FN:151,(anonymous_35)
FN:153,(anonymous_36)
FN:157,(anonymous_37)
FN:164,(anonymous_38)
FN:164,(anonymous_39)
FN:168,(anonymous_40)
FN:169,(anonymous_41)
FN:177,(anonymous_42)
FN:177,(anonymous_43)
FN:184,(anonymous_44)
FN:187,(anonymous_45)
FN:192,(anonymous_46)
FN:201,(anonymous_47)
FN:205,(anonymous_48)
FN:213,(anonymous_49)
FN:217,(anonymous_50)
FN:224,(anonymous_51)
FN:228,(anonymous_52)
FN:228,(anonymous_53)
FNF:54
FNH:53
FNDA:46,(anonymous_0)
FNDA:46,(anonymous_1)
FNDA:115,(anonymous_2)
FNDA:206,(anonymous_3)
FNDA:0,(anonymous_4)
FNDA:59,(anonymous_5)
FNDA:23,(anonymous_6)
FNDA:104,(anonymous_7)
FNDA:23,(anonymous_8)
FNDA:31,(anonymous_9)
FNDA:60,(anonymous_10)
FNDA:10,(anonymous_11)
FNDA:14,(anonymous_12)
FNDA:4,(anonymous_13)
FNDA:17,(anonymous_14)
FNDA:47,(anonymous_15)
FNDA:88,(anonymous_16)
FNDA:109,(anonymous_17)
FNDA:35,(anonymous_18)
FNDA:37,(anonymous_19)
FNDA:25,(anonymous_20)
FNDA:25,(anonymous_21)
FNDA:11,(anonymous_22)
FNDA:24,(anonymous_23)
FNDA:24,(anonymous_24)
FNDA:57,(anonymous_25)
FNDA:23,(anonymous_26)
FNDA:54,(anonymous_27)
FNDA:64,(anonymous_28)
FNDA:23,(anonymous_29)
FNDA:52,(anonymous_30)
FNDA:11,(anonymous_31)
FNDA:11,(anonymous_32)
FNDA:11,(anonymous_33)
FNDA:9,(anonymous_34)
FNDA:9,(anonymous_35)
FNDA:11,(anonymous_36)
FNDA:6,(anonymous_37)
FNDA:1,(anonymous_38)
FNDA:1,(anonymous_39)
FNDA:2,(anonymous_40)
FNDA:1,(anonymous_41)
FNDA:4,(anonymous_42)
FNDA:4,(anonymous_43)
FNDA:4,(anonymous_44)
FNDA:4,(anonymous_45)
FNDA:2,(anonymous_46)
FNDA:44,(anonymous_47)
FNDA:22,(anonymous_48)
FNDA:11,(anonymous_49)
FNDA:15,(anonymous_50)
FNDA:18,(anonymous_51)
FNDA:4,(anonymous_52)
FNDA:4,(anonymous_53)
DA:2,2
DA:8,46
DA:9,115
DA:11,2
DA:13,2
DA:14,206
DA:18,2
DA:24,59
DA:25,23
DA:27,104
DA:28,23
DA:30,2
DA:31,31
DA:32,60
DA:36,2
DA:37,10
DA:39,14
DA:40,14
DA:41,14
DA:43,4
DA:45,2
DA:46,17
DA:48,2
DA:49,47
DA:50,47
DA:51,88
DA:52,109
DA:53,109
DA:54,41
DA:56,68
DA:60,47
DA:61,47
DA:64,2
DA:65,35
DA:71,37
DA:72,25
DA:76,2
DA:77,25
DA:78,15
DA:84,10
DA:85,10
DA:86,10
DA:87,10
DA:90,2
DA:91,11
DA:93,2
DA:94,24
DA:98,2
DA:99,24
DA:100,24
DA:101,57
DA:102,57
DA:103,27
DA:104,27
DA:105,27
DA:108,24
DA:109,24
DA:112,2
DA:113,23
DA:119,2
DA:120,54
DA:121,54
DA:122,64
DA:123,64
DA:124,64
DA:125,24
DA:127,40
DA:130,54
DA:133,2
DA:134,23
DA:137,23
DA:138,23
DA:139,52
DA:141,11
DA:143,11
DA:147,11
DA:151,9
DA:152,9
DA:153,11
DA:154,9
DA:157,2
DA:158,6
DA:159,6
DA:160,6
DA:161,6
DA:164,2
DA:165,1
DA:168,1
DA:169,2
DA:170,1
DA:171,1
DA:172,1
DA:177,4
DA:178,4
DA:179,4
DA:180,4
DA:185,4
DA:186,4
DA:188,4
DA:190,4
DA:192,2
DA:201,2
DA:202,44
DA:205,2
DA:206,22
DA:209,22
DA:210,22
DA:213,2
DA:214,11
DA:217,11
DA:218,15
DA:224,2
DA:225,18
DA:228,4
DA:229,4
DA:232,4
DA:235,4
DA:238,2
LF:118
LH:118
BRDA:14,0,0,206
BRDA:14,0,1,101
BRDA:14,0,2,96
BRDA:32,1,0,31
BRDA:32,1,1,29
BRDA:53,2,0,41
BRDA:53,2,1,68
BRDA:72,3,0,14
BRDA:72,3,1,11
BRDA:77,4,0,15
BRDA:77,4,1,10
BRDA:94,5,0,1
BRDA:94,5,1,23
BRDA:102,6,0,27
BRDA:102,6,1,30
BRDA:124,7,0,24
BRDA:124,7,1,40
BRDA:124,8,0,64
BRDA:124,8,1,29
BRDA:133,9,0,22
BRDA:133,10,0,22
BRDA:164,11,0,1
BRDA:165,12,0,0
BRDA:165,12,1,1
BRDA:167,13,0,1
BRDA:167,13,1,1
BRDA:170,14,0,1
BRDA:170,14,1,0
BRDA:177,15,0,2
BRDA:206,16,0,12
BRDA:206,16,1,10
BRDA:214,17,0,6
BRDA:214,17,1,5
BRDA:219,18,0,15
BRDA:219,18,1,15
BRDA:228,19,0,2
BRDA:228,20,0,2
BRDA:228,21,0,2
BRDA:229,22,0,1
BRDA:229,22,1,3
BRDA:232,23,0,0
BRDA:232,23,1,4
BRF:42
BRH:39
end_of_record
