TN:
SF:src/index.js
FN:7,(anonymous_0)
FN:25,(anonymous_1)
FN:28,(anonymous_2)
FN:39,(anonymous_3)
FN:54,(anonymous_4)
FN:57,(anonymous_5)
FN:59,(anonymous_6)
FN:61,(anonymous_7)
FN:75,(anonymous_8)
FN:78,(anonymous_9)
FN:91,(anonymous_10)
FN:105,(anonymous_11)
FN:107,(anonymous_12)
FN:115,(anonymous_13)
FN:117,(anonymous_14)
FN:130,(anonymous_15)
FN:132,(anonymous_16)
FN:145,(anonymous_17)
FN:147,(anonymous_18)
FN:147,(anonymous_19)
FN:176,(anonymous_20)
FN:177,(anonymous_21)
FN:179,(anonymous_22)
FN:179,(anonymous_23)
FN:184,(anonymous_24)
FN:194,(anonymous_25)
FN:194,(anonymous_26)
FN:198,(anonymous_27)
FN:199,(anonymous_28)
FN:210,(anonymous_29)
FN:211,(anonymous_30)
FN:217,(anonymous_31)
FN:227,(anonymous_32)
FN:227,(anonymous_33)
FN:228,(anonymous_34)
FN:236,(anonymous_35)
FNF:36
FNH:20
FNDA:1,(anonymous_0)
FNDA:4,(anonymous_1)
FNDA:4,(anonymous_2)
FNDA:1,(anonymous_3)
FNDA:2,(anonymous_4)
FNDA:2,(anonymous_5)
FNDA:0,(anonymous_6)
FNDA:0,(anonymous_7)
FNDA:0,(anonymous_8)
FNDA:0,(anonymous_9)
FNDA:0,(anonymous_10)
FNDA:0,(anonymous_11)
FNDA:0,(anonymous_12)
FNDA:2,(anonymous_13)
FNDA:2,(anonymous_14)
FNDA:2,(anonymous_15)
FNDA:2,(anonymous_16)
FNDA:2,(anonymous_17)
FNDA:2,(anonymous_18)
FNDA:2,(anonymous_19)
FNDA:2,(anonymous_20)
FNDA:2,(anonymous_21)
FNDA:2,(anonymous_22)
FNDA:2,(anonymous_23)
FNDA:1,(anonymous_24)
FNDA:1,(anonymous_25)
FNDA:0,(anonymous_26)
FNDA:2,(anonymous_27)
FNDA:0,(anonymous_28)
FNDA:0,(anonymous_29)
FNDA:0,(anonymous_30)
FNDA:0,(anonymous_31)
FNDA:0,(anonymous_32)
FNDA:0,(anonymous_33)
FNDA:0,(anonymous_34)
FNDA:0,(anonymous_35)
DA:1,1
DA:8,1
DA:26,4
DA:29,4
DA:40,1
DA:42,0
DA:43,0
DA:44,0
DA:45,0
DA:55,2
DA:57,2
DA:58,2
DA:59,0
DA:60,0
DA:61,2
DA:64,2
DA:65,2
DA:76,0
DA:78,0
DA:79,0
DA:80,0
DA:81,0
DA:82,0
DA:83,0
DA:85,0
DA:87,0
DA:88,0
DA:91,0
DA:92,0
DA:95,0
DA:106,0
DA:107,0
DA:108,0
DA:109,0
DA:116,2
DA:117,2
DA:118,2
DA:120,2
DA:121,1
DA:123,2
DA:131,2
DA:132,2
DA:133,2
DA:134,0
DA:135,0
DA:136,0
DA:139,2
DA:146,2
DA:147,2
DA:149,2
DA:151,2
DA:152,0
DA:153,0
DA:155,2
DA:156,0
DA:157,0
DA:158,0
DA:161,2
DA:162,2
DA:163,2
DA:166,2
DA:167,2
DA:177,2
DA:178,2
DA:179,2
DA:180,2
DA:182,2
DA:183,1
DA:184,1
DA:194,0
DA:195,1
DA:196,1
DA:197,1
DA:198,1
DA:199,2
DA:200,0
DA:201,0
DA:202,0
DA:206,0
DA:211,0
DA:212,0
DA:213,0
DA:215,0
DA:217,0
DA:227,0
DA:228,0
DA:237,0
DA:238,0
LF:88
LH:43
BRDA:29,0,0,4
BRDA:29,0,1,0
BRDA:29,0,2,0
BRDA:39,1,0,1
BRDA:40,2,0,1
BRDA:40,2,1,0
BRDA:57,3,0,2
BRDA:58,4,0,0
BRDA:58,4,1,2
BRDA:61,5,0,0
BRDA:61,5,1,2
BRDA:61,6,0,2
BRDA:61,6,1,0
BRDA:81,7,0,0
BRDA:81,7,1,0
BRDA:82,8,0,0
BRDA:82,8,1,0
BRDA:115,9,0,2
BRDA:120,10,0,1
BRDA:120,10,1,1
BRDA:133,11,0,2
BRDA:133,11,1,0
BRDA:145,12,0,2
BRDA:147,13,0,2
BRDA:149,14,0,0
BRDA:149,14,1,2
BRDA:151,15,0,0
BRDA:151,15,1,2
BRDA:155,16,0,0
BRDA:155,16,1,2
BRDA:156,17,0,0
BRDA:156,17,1,0
BRDA:161,18,0,2
BRDA:161,18,1,0
BRDA:176,19,0,0
BRDA:182,20,0,1
BRDA:182,20,1,1
BRDA:184,21,0,1
BRDA:184,21,1,1
BRDA:194,22,0,1
BRDA:195,23,0,1
BRDA:195,23,1,0
BRDA:196,24,0,1
BRDA:196,24,1,1
BRDA:197,25,0,0
BRDA:197,25,1,1
BRDA:200,26,0,0
BRDA:200,26,1,0
BRDA:227,27,0,0
BRF:49
BRH:26
end_of_record
